07:13:50 [INFO] Opening target process: csgo.exe
07:13:50 [INFO] Starting signature scanning: 0 items
07:13:50 [INFO] Finished signature scanning: 0/0 items successful
07:13:50 [INFO] Starting netvar scanning: 0 items
07:28:56 [INFO] Opening target process: csgo.exe
07:28:56 [INFO] Starting signature scanning: 57 items
07:28:56 [INFO] Found signature: dwClientState => 0x588FEC
07:28:56 [INFO] Found signature: dwClientState_GetLocalPlayer => 0x180
07:28:56 [INFO] Found signature: dwClientState_IsHLTV => 0x4D48
07:28:56 [INFO] Found signature: dwClientState_Map => 0x28C
07:28:56 [INFO] Found signature: dwClientState_MapDirectory => 0x188
07:28:56 [INFO] Found signature: dwClientState_MaxPlayer => 0x388
07:28:56 [INFO] Found signature: dwClientState_PlayerInfo => 0x52C0
07:28:56 [INFO] Found signature: dwClientState_State => 0x108
07:28:56 [INFO] Found signature: dwClientState_ViewAngles => 0x4D90
07:28:56 [INFO] Found signature: clientstate_delta_ticks => 0x174
07:28:56 [INFO] Found signature: clientstate_last_outgoing_command => 0x4D2C
07:28:56 [INFO] Found signature: clientstate_choked_commands => 0x4D30
07:28:56 [INFO] Found signature: clientstate_net_channel => 0x9C
07:28:56 [INFO] Found signature: dwEntityList => 0x4DBF78C
07:28:56 [INFO] Found signature: dwForceAttack => 0x31EFD04
07:28:56 [INFO] Found signature: dwForceAttack2 => 0x31EFD10
07:28:56 [INFO] Found signature: dwForceBackward => 0x31EFCBC
07:28:56 [INFO] Found signature: dwForceForward => 0x31EFCC8
07:28:56 [INFO] Found signature: dwForceJump => 0x52695A0
07:28:56 [INFO] Found signature: dwForceLeft => 0x31EFCE0
07:28:56 [INFO] Found signature: dwForceRight => 0x31EFCD4
07:28:56 [INFO] Found signature: dwGameDir => 0x627700
07:28:56 [INFO] Found signature: dwGameRulesProxy => 0x52DC87C
07:28:56 [INFO] Found signature: dwGetAllClasses => 0xDCDA84
07:28:56 [INFO] Found signature: dwGlobalVars => 0x588CF0
07:28:56 [INFO] Found signature: dwGlowObjectManager => 0x5307C78
07:28:56 [INFO] Found signature: dwInput => 0x5210D50
07:28:56 [INFO] Found signature: dwInterfaceLinkList => 0x956AA4
07:28:56 [INFO] Found signature: dwLocalPlayer => 0xDA544C
07:28:56 [INFO] Found signature: dwMouseEnable => 0xDAAF98
07:28:56 [INFO] Found signature: dwMouseEnablePtr => 0xDAAF68
07:28:56 [INFO] Found signature: dwPlayerResource => 0x31EE030
07:28:56 [INFO] Found signature: dwRadarBase => 0x51F4504
07:28:56 [INFO] Found signature: dwSensitivity => 0xDAAE34
07:28:56 [INFO] Found signature: dwSensitivityPtr => 0xDAAE08
07:28:56 [INFO] Found signature: dwSetClanTag => 0x8A130
07:28:56 [INFO] Found signature: dwViewMatrix => 0x4DB10A4
07:28:56 [INFO] Found signature: dwWeaponTable => 0x5211814
07:28:56 [INFO] Found signature: dwWeaponTableIndex => 0x326C
07:28:56 [INFO] Found signature: dwYawPtr => 0xDAABF8
07:28:56 [INFO] Found signature: dwZoomSensitivityRatioPtr => 0xDAFE98
07:28:56 [INFO] Found signature: dwbSendPackets => 0xD7BD2
07:28:56 [INFO] Found signature: dwppDirect3DDevice9 => 0xA7050
07:28:56 [INFO] Found signature: m_pStudioHdr => 0x2950
07:28:56 [INFO] Found signature: m_yawClassPtr => 0xDAABF8
07:28:56 [INFO] Found signature: m_pitchClassPtr => 0x51F47A0
07:28:56 [INFO] Found signature: interface_engine_cvar => 0x3E9EC
07:28:56 [INFO] Found signature: convar_name_hash_table => 0x2F0F8
07:28:56 [INFO] Found signature: m_bDormant => 0xED
07:28:56 [INFO] Found signature: model_ambient_min => 0x58C00C
07:28:56 [INFO] Found signature: set_abs_angles => 0x1E3D90
07:28:56 [INFO] Found signature: set_abs_origin => 0x1E3BD0
07:28:56 [INFO] Found signature: is_c4_owner => 0x3C0E50
07:28:56 [INFO] Found signature: force_update_spectator_glow => 0x3B3EFA
07:28:56 [INFO] Found signature: anim_overlays => 0x2990
07:28:56 [INFO] Found signature: m_flSpawnTime => 0x103C0
07:28:56 [INFO] Found signature: find_hud_element => 0x2D782EA0
07:28:56 [INFO] Finished signature scanning: 57/57 items successful
07:28:56 [INFO] Starting netvar scanning: 93 items
07:28:56 [INFO] Found netvar: m_ArmorValue => 0x117CC
07:28:56 [INFO] Found netvar: m_Collision => 0x320
07:28:56 [INFO] Found netvar: m_CollisionGroup => 0x474
07:28:56 [INFO] Found netvar: m_Local => 0x2FCC
07:28:56 [INFO] Found netvar: m_MoveType => 0x25B
07:28:56 [INFO] Found netvar: m_OriginalOwnerXuidHigh => 0x31D4
07:28:56 [INFO] Found netvar: m_OriginalOwnerXuidLow => 0x31D0
07:28:56 [INFO] Found netvar: m_aimPunchAngle => 0x303C
07:28:56 [INFO] Found netvar: m_aimPunchAngleVel => 0x3048
07:28:56 [INFO] Found netvar: m_bGunGameImmunity => 0x9990
07:28:56 [INFO] Found netvar: m_bHasDefuser => 0x117DC
07:28:56 [INFO] Found netvar: m_bHasHelmet => 0x117C0
07:28:56 [INFO] Found netvar: m_bInReload => 0x3248
07:28:56 [INFO] Found netvar: m_bIsDefusing => 0x997C
07:28:56 [INFO] Found netvar: m_bIsScoped => 0x9974
07:28:56 [INFO] Found netvar: m_bSpotted => 0x93D
07:28:56 [INFO] Found netvar: m_bSpottedByMask => 0x980
07:28:56 [INFO] Found netvar: m_dwBoneMatrix => 0x268C
07:28:56 [INFO] Found netvar: m_fAccuracyPenalty => 0x3340
07:28:56 [INFO] Found netvar: m_fFlags => 0x104
07:28:56 [INFO] Found netvar: m_hViewModel => 0x3308
07:28:56 [INFO] Found netvar: m_flFallbackWear => 0x31E0
07:28:56 [INFO] Found netvar: m_flFlashDuration => 0x10470
07:28:56 [INFO] Found netvar: m_flFlashMaxAlpha => 0x1046C
07:28:56 [INFO] Found netvar: m_flNextPrimaryAttack => 0x3248
07:28:56 [INFO] Found netvar: m_hActiveWeapon => 0x2F08
07:28:56 [INFO] Found netvar: m_hMyWeapons => 0x2F08
07:28:56 [INFO] Found netvar: m_hObserverTarget => 0x339C
07:28:56 [INFO] Found netvar: m_hOwner => 0x29DC
07:28:56 [INFO] Found netvar: m_hOwnerEntity => 0x14C
07:28:56 [INFO] Found netvar: m_iAccountID => 0x2FD8
07:28:56 [INFO] Found netvar: m_iClip1 => 0x3274
07:28:56 [INFO] Found netvar: m_zoomLevel => 0x33E0
07:28:56 [INFO] Found netvar: m_iCompetitiveRanking => 0x1A84
07:28:56 [INFO] Found netvar: m_iCompetitiveWins => 0x1B88
07:28:56 [INFO] Found netvar: m_iCrosshairId => 0x117DC
07:28:56 [INFO] Found netvar: m_iEntityQuality => 0x2FBC
07:28:56 [INFO] Found netvar: m_iFOVStart => 0x31F8
07:28:56 [INFO] Found netvar: m_iGlowIndex => 0x10470
07:28:56 [INFO] Found netvar: m_iHealth => 0x100
07:28:56 [INFO] Found netvar: m_iItemDefinitionIndex => 0x2FBA
07:28:56 [INFO] Found netvar: m_iItemIDHigh => 0x2FD0
07:28:56 [INFO] Found netvar: m_iObserverMode => 0x3388
07:28:56 [INFO] Found netvar: m_iShotsFired => 0x103E0
07:28:56 [INFO] Found netvar: m_iState => 0x3268
07:28:56 [INFO] Found netvar: m_iTeamNum => 0xF4
07:28:56 [INFO] Found netvar: m_lifeState => 0x25F
07:28:56 [INFO] Found netvar: m_nFallbackPaintKit => 0x31D8
07:28:56 [INFO] Found netvar: m_nFallbackSeed => 0x31DC
07:28:56 [INFO] Found netvar: m_nFallbackStatTrak => 0x31E4
07:28:56 [INFO] Found netvar: m_iDefaultFOV => 0x333C
07:28:56 [INFO] Found netvar: m_iFOV => 0x31F4
07:28:56 [INFO] Found netvar: m_nForceBone => 0x268C
07:28:56 [INFO] Found netvar: m_nTickBase => 0x3440
07:28:56 [INFO] Found netvar: m_rgflCoordinateFrame => 0x474
07:28:56 [INFO] Found netvar: m_szCustomName => 0x304C
07:28:56 [INFO] Found netvar: m_szLastPlaceName => 0x35C4
07:28:56 [INFO] Found netvar: m_vecOrigin => 0x138
07:28:56 [INFO] Found netvar: m_vecVelocity => 0x114
07:28:56 [INFO] Found netvar: m_vecViewOffset => 0x108
07:28:56 [INFO] Found netvar: m_viewPunchAngle => 0x3030
07:28:56 [INFO] Found netvar: m_thirdPersonViewAngles => 0x31E4
07:28:56 [INFO] Found netvar: m_clrRender => 0x70
07:28:56 [INFO] Found netvar: m_bBombTicking => 0x2990
07:28:56 [INFO] Found netvar: m_bBombDefused => 0x29C0
07:28:56 [INFO] Found netvar: m_flC4Blow => 0x29A0
07:28:56 [INFO] Found netvar: m_hBombDefuser => 0x29C4
07:28:56 [INFO] Found netvar: m_flTimerLength => 0x29A4
07:28:56 [INFO] Found netvar: m_flDefuseLength => 0x29B8
07:28:56 [INFO] Found netvar: m_flDefuseCountDown => 0x29BC
07:28:56 [INFO] Found netvar: m_nBombSite => 0x2994
07:28:56 [INFO] Found netvar: cs_gamerules_data => 0x0
07:28:56 [INFO] Found netvar: m_SurvivalRules => 0xD00
07:28:56 [INFO] Found netvar: m_SurvivalGameRuleDecisionTypes => 0x1328
07:28:56 [INFO] Found netvar: m_bIsValveDS => 0x7C
07:28:56 [INFO] Found netvar: m_bFreezePeriod => 0x20
07:28:56 [INFO] Found netvar: m_bBombPlanted => 0x9A5
07:28:56 [INFO] Found netvar: m_bIsQueuedMatchmaking => 0x74
07:28:56 [INFO] Found netvar: m_flSimulationTime => 0x268
07:28:56 [INFO] Found netvar: m_flLowerBodyYawTarget => 0x9ADC
07:28:56 [INFO] Found netvar: m_angEyeAnglesX => 0x117D0
07:28:56 [INFO] Found netvar: m_angEyeAnglesY => 0x117D4
07:28:56 [INFO] Found netvar: m_flNextAttack => 0x2D80
07:28:56 [INFO] Found netvar: m_iMostRecentModelBoneCounter => 0x268C
07:28:56 [INFO] Found netvar: m_flLastBoneSetupTime => 0x28C0
07:28:56 [INFO] Found netvar: m_bStartedArming => 0x3400
07:28:56 [INFO] Found netvar: m_bUseCustomBloomScale => 0x9DA
07:28:56 [INFO] Found netvar: m_bUseCustomAutoExposureMin => 0x9D8
07:28:56 [INFO] Found netvar: m_bUseCustomAutoExposureMax => 0x9D9
07:28:56 [INFO] Found netvar: m_flCustomBloomScale => 0x9E4
07:28:56 [INFO] Found netvar: m_flCustomAutoExposureMin => 0x9DC
07:28:56 [INFO] Found netvar: m_flCustomAutoExposureMax => 0x9E0
07:28:56 [INFO] Found netvar: m_nViewModelIndex => 0x29D0
07:28:56 [INFO] Finished netvar scanning: 93/93 items successful
